DL_MESO vapour-liquid interface example                                         
       0       1
   40.0000000000    0.0000000000    0.0000000000
    0.0000000000    5.0000000000    0.0000000000
    0.0000000000    0.0000000000    5.0000000000
W                 1
    4.3536954545   -0.4324385253    2.2765884560
W                 2
   -6.4285598782   -1.9230376454   -0.2565679116
W                 3
   -8.1920347253   -1.8016704461    0.9996697722
W                 4
   -7.4360189200    2.3691444094   -0.6250919565
W                 5
   -6.8677377241    1.4031065710   -0.4476590217
W                 6
   -9.2632037692    0.4849551430    1.1027644851
W                 7
  -13.3190435808    1.4941781598   -2.1025387432
W                 8
   -8.7783974431    1.4326533657    0.9558607455
W                 9
   -7.0127137659   -2.0315894399   -0.0799224784
W                10
   14.1372296924   -1.8064614349    1.7736379875
W                11
   -9.1634601209   -0.6494358170   -0.6172167047
W                12
    6.6543277422   -0.6609358508    1.0453695327
W                13
    2.9029224826    2.4196717578    1.1227194309
W                14
    5.4061349875   -1.5529705110    1.7064271170
W                15
   17.5003160933    2.1124619147   -0.3906412843
W                16
    0.4912943651   -0.8270865016    2.4499773692
W                17
   13.0858460414    0.3928815945   -2.4393325700
W                18
    1.8172755423   -0.5913426228    0.0732361447
W                19
  -15.7001541137    0.0802485365   -1.7338396992
W                20
   15.7730024429   -0.2766665279    0.4701946537
W                21
  -10.9292209764    1.7238652950    0.0103385969
W                22
   -4.8841717480   -1.1569249020   -0.3522703755
W                23
    2.7632178540   -1.0407349552   -0.2593087182
W                24
   -6.2382172841    2.3684756536   -0.5583643874
W                25
   13.4216390697    0.1112119342   -2.2731130340
W                26
    6.1928545900   -0.5036162002    2.3920034160
W                27
   -6.6792526494   -1.5818637016   -1.0419539415
W                28
   -4.3482508444   -1.8232585721    0.4156008090
W                29
   17.2480577126   -2.1882676290    1.2512979910
W                30
   10.8197316548   -0.3046843916    1.1371512001
W                31
   10.7311171206    1.5199891467    2.4510728802
W                32
    6.7246019947   -1.6198279386   -0.3004424058
W                33
   -5.7501380558    2.1217451234   -1.8068535161
W                34
   -9.1399095483    0.0606425296   -1.4862267881
W                35
   17.5653167885   -2.3734183662   -1.5618886596
W                36
  -16.9995279794   -0.0081531752    0.9699466235
W                37
   12.4191723727   -1.6272471361    2.2668225474
W                38
    2.5866742140   -1.9179712769   -1.5842069171
W                39
   -7.4940910904   -1.4079448684    0.8447737764
W                40
    3.0442691849   -0.2198990546    2.3520458902
W                41
    3.7204039962    0.2809045876   -0.3679762148
W                42
    2.0355637414    1.5941641425   -1.7674221983
W                43
  -10.0657674240   -2.3907864986   -0.8879790321
W                44
    5.5939159466   -2.1223687529    1.9426286037
W                45
    1.4732106236    0.7329070875   -1.9460237821
W                46
   -5.7166912004   -0.4025581355   -1.5471898235
W                47
    4.3972244355    2.4568402171    2.4907256285
W                48
   17.9117171646    1.6445570396    0.2766297452
W                49
   -5.9311109274    1.5923454581   -2.1093672902
W                50
    7.2103634077   -0.6827430658    0.7774798041
W                51
    6.7889278809    0.2830620203    1.7697776621
W                52
    7.0811507726    1.8973326377    0.2728284010
W                53
   18.4893875191    1.4510993733    0.8843058212
W                54
  -18.4138713649    0.7215095395    2.3228555961
W                55
   -9.8619222068    0.4149510737   -1.2613696962
W                56
    6.1928386600    1.8575811014    0.3185588123
W                57
   -6.4444173984   -2.0508301092    1.6014485867
W                58
    6.4241101903    2.1818340506    0.8446423808
W                59
  -12.6380043025   -2.3360917179   -1.2524430603
W                60
   -5.0740944886   -0.3275427244   -1.7933321210
W                61
   -5.3238245605   -1.0008679141    0.4982705082
W                62
   14.0817239233    0.5656153126    2.4551081685
W                63
   18.4030196107    1.2577831219   -0.7540163940
W                64
   10.1117142564   -1.7918702459   -0.8126077937
W                65
   -8.4105643459   -2.4314199780    1.1493214573
W                66
   -4.0936978855   -1.2542376471    0.5465801025
W                67
   -6.7272213088    2.4395369821    1.7991452859
W                68
  -18.0198905768   -1.2114648660   -0.0515294644
W                69
   13.3976538186   -0.1869779353   -0.9686585429
W                70
   -4.6946718993    0.8325813991    0.5107680676
W                71
    0.4246538831    1.8423630567    0.1877232674
W                72
  -13.1925156329   -1.8306225264    0.8484258031
W                73
    8.0326513957    0.1627435640   -1.6386683635
W                74
   17.1253098293    0.0088447212   -0.0569815538
W                75
  -14.1078832036   -2.1359830145   -0.4316267883
W                76
  -10.2513032523    1.5035517258   -2.4325654887
W                77
  -11.8107374474   -1.8394773880    1.4397378542
W                78
   -5.1609587947   -0.3189491825   -0.4090333082
W                79
  -14.6259823597    0.6227514164    0.8236345087
W                80
    4.4220518323    2.2332741996   -0.5106711279
W                81
   12.5829846041    1.9811086478    2.3062241855
W                82
   16.3795211946   -1.1335461250    2.1560092058
W                83
  -10.1773510000    1.8160953889    2.0370029069
W                84
    6.1060967401    1.5469471886   -0.3126735328
W                85
   12.9199283245   -1.1712961764    2.1763651977
W                86
   -4.1612716294    1.3570460454    0.4412453540
W                87
    8.0598501955    1.5081459935   -1.8771000695
W                88
    2.0815824052   -0.3716521925    0.5858037347
W                89
   15.2605146025   -0.0413877743    2.0768656033
W                90
   12.7962088152    0.7425544146    0.9595327540
W                91
   -5.4515856110    0.8055959217   -1.6020602101
W                92
   12.6805130794    1.4223252930    1.1197343808
W                93
  -19.5852837758    1.5959846927    1.8327144218
W                94
    2.6072718404   -0.3071016066   -2.4392985382
W                95
   -8.0740653470   -0.3827478852    2.3559275382
W                96
   19.8055816371   -0.7934945511    0.5965211529
W                97
   10.3559150295    2.0347889493    0.9052378767
W                98
   -5.2511702978   -0.7513914006   -1.0733029594
W                99
   -7.0555591064   -2.4527920109    0.8240030071
W               100
    2.3061844135   -2.1703805431   -0.9142022584
W               101
   10.6501457009    2.2186713882   -0.7058942834
W               102
   17.4338486479    0.9472971188   -0.7956453195
W               103
  -12.1505080688    1.9645931960   -2.2185080295
W               104
  -13.2332374703    1.5643562613   -0.9829251435
W               105
   -1.5025374493    0.3838993473    1.1459098582
W               106
  -16.2959464558    1.6306787123    0.3178470367
W               107
   14.4771493912   -0.4521761793   -1.4452836509
W               108
    6.5890259622    1.8674914716   -1.4615870638
W               109
    5.2814379338    2.3990271712    0.2083568800
W               110
   -3.9495935684   -1.8131342148    2.4963363308
W               111
   -6.9197461198   -0.0345142947   -0.5978744319
W               112
    6.0211100886    1.6739077584   -1.5625864060
W               113
   11.1092622979   -0.2318333975   -0.3025019172
W               114
   16.2400040172    1.6582827831    2.4655439109
W               115
   12.6762012991   -1.6848170133   -0.2486393174
W               116
   -9.1399427525   -0.2160490753   -0.4914077685
W               117
    9.9568227737    0.4502324788    2.3457980886
W               118
  -19.2538267750   -0.1046600103    2.2560153183
W               119
  -12.3549806828    2.1841565917   -0.4043507620
W               120
   17.6998392797   -0.2789201154   -0.3812612864
W               121
  -14.4234222279   -1.7842561830    0.4301319369
W               122
   14.6649270005    1.5077641002    1.3470806351
W               123
    2.1593281825   -0.9369254184   -1.6684582312
W               124
   15.7539570563   -1.3181860614    2.0957617079
W               125
   -4.2824947881   -0.5357944221    0.2836814162
W               126
    9.3219618827    1.9655481935    0.2531081949
W               127
   -8.3771354883   -1.9770447442   -0.8357789644
W               128
  -13.6097961009    2.4936486263   -0.5431478491
W               129
   -9.4146910993   -1.4254719247    1.3234078913
W               130
  -12.5846551382   -1.6678414034    2.1192169628
W               131
    5.1930538350   -2.1142707332   -2.3163305926
W               132
    5.7290599441   -1.9607855198    0.5484279880
W               133
   11.5412556686    1.0014968808    2.3831297792
W               134
   -1.7305532051   -2.3706593322    2.3857662549
W               135
   -5.5130222747    1.4821188894   -1.7548382361
W               136
   16.0200151890   -0.4780308033    1.3712260385
W               137
   -5.3436020361   -0.9020254143    1.9615902904
W               138
   11.1095523373    0.6722935648   -2.2124471491
W               139
   -7.5030493350   -0.1348872028   -0.1030890890
W               140
   14.7011158372    1.8138445112    0.8281737405
W               141
    4.4214168941   -1.3385243986   -2.4739808696
W               142
  -13.2360320301   -1.1867166164    2.0441928820
W               143
   -5.2902376311   -0.1510282146   -1.3135504940
W               144
    8.2609000143    2.1645884072   -1.2631530905
W               145
   13.1147725484   -0.8682515576    0.7860515315
W               146
   -5.3705839339    0.4009175455   -0.6936433890
W               147
   -8.7143543128   -0.3748952740   -1.8205447266
W               148
   -7.7456722972   -1.7983747491   -0.1767948195
W               149
    2.3649821270    2.0621460310    1.2892118466
W               150
   -2.0600287668   -2.4757859010   -1.9867207204
W               151
    2.5869163327    2.4777200858    1.6605703929
W               152
    3.3125236616   -2.1845213058   -0.3755710822
W               153
   -7.5419906147   -0.5838270117   -1.0198080778
W               154
    5.6578052052    2.3661158331    1.4426979817
W               155
   17.8526702326   -0.9022728371    1.9450159034
W               156
   16.8147978828    0.0762475080   -1.5760828082
W               157
    9.1467069313    1.4497067038   -2.3179655208
W               158
    3.0630473190    1.7570450520   -0.9816676739
W               159
    5.0318289929   -1.7834642032    0.0680690613
W               160
  -13.0074033342    2.4995935378   -0.7947515158
W               161
    4.9928462782   -0.3463120364    2.2449927805
W               162
   -3.9833782117    0.8666218058    0.8211528093
W               163
    6.2148291298   -0.2007676727    1.8734954937
W               164
  -16.3058374276    0.2017327458    1.7095774062
W               165
    8.9833457219    1.4276368185    0.0646607701
W               166
    6.1823600428    1.9276134126    1.3610262383
W               167
    9.9357499241    0.5839245213   -1.8737417601
W               168
   -8.5937538288   -0.6700510176   -2.4213343925
W               169
   12.6735902922    1.7356285295    0.5665302110
W               170
   -7.3389625131    1.9844372628    0.1953850543
W               171
  -16.5276563124    0.5772829930   -0.0740935474
W               172
   18.9338848739    1.3496755976   -0.6429600165
W               173
    5.5877947008    2.3011303783   -2.4138545862
W               174
  -15.5731888405   -0.1704460983    1.6887943845
W               175
   -8.6384655894   -1.4110428802    1.0180374612
W               176
  -15.1809907427    0.9955195655   -1.3119682638
W               177
   10.3467025733   -0.5633940028    0.8430556238
W               178
   17.5258559643   -0.4762469659    0.2549441604
W               179
    3.7571005996   -0.3088017142    2.2260169182
W               180
   12.0363584581   -1.3041585382    1.8106976623
W               181
    6.9672795069   -1.2797940653    0.8794006953
W               182
   14.7490497279    1.3179725762   -0.8185619092
W               183
    3.2745909232   -1.7112941019    2.2150776320
W               184
   18.1386867152   -0.0424997117    0.0080582927
W               185
   17.7411516112   -1.5832627163   -1.0797254975
W               186
    2.5296906122    1.2615135784    1.4191890388
W               187
   10.3621589265   -1.4316112002   -0.1808952324
W               188
   -5.7303496843   -0.1963927049   -0.7201733215
W               189
   13.6320558335   -0.4894132175   -0.0658051908
W               190
  -19.4242700165   -0.1558786668   -2.2149990049
W               191
    8.5449345420   -2.0098805468    1.1350369519
W               192
    1.0494613940   -0.2528579902    0.7780094557
W               193
   19.8847868377    2.3606853829   -0.7094096614
W               194
  -19.3059940263   -0.7287938665   -0.3058683175
W               195
    3.0091324280   -1.3087903397   -2.4464911555
W               196
    5.7360565575   -2.0197548508    1.3229433131
W               197
   12.8115999962   -1.2249112267    1.3445192561
W               198
   -4.6819232885   -2.1051732855   -0.0764292946
W               199
   -4.8990588568   -0.3301576859    0.1051130455
W               200
   17.7100423361    0.5136746548    1.9115996446
W               201
    9.1493651684   -2.2505889486   -1.7157946704
W               202
    5.7223831162    2.3752651477   -0.1927924740
W               203
  -13.0742694505   -1.6170631089    0.3308560252
W               204
   15.4996221978   -0.4243549732   -1.9568197157
W               205
  -14.9182478881    0.0003827104    1.1761902472
W               206
    8.0839949834    2.0606550284   -2.1850621664
W               207
    8.9184838282    1.5915299860   -1.2862821749
W               208
   -6.1670465125   -2.0108626265   -0.9408037571
W               209
   13.1282982969   -1.4860268803    0.8721075192
W               210
  -15.3111474077    1.3216564620    0.2912029039
W               211
   15.5629411992   -0.8500661444   -1.3650343660
W               212
   16.6333839061   -2.2974765741   -0.2839275100
W               213
  -11.7096567868   -1.6636757257   -0.5863510181
W               214
    4.4412344144    0.3068688795   -2.4502410486
W               215
  -14.8640372326    0.3931753528   -1.5940879194
W               216
   11.2629003214    1.2836105087   -0.9334380113
W               217
    6.3063718677    1.7996465914    1.9076568270
W               218
   -4.6713444322    1.3702384496   -1.4427665852
W               219
   16.8429115735    2.3583253339   -1.5196729112
W               220
  -12.0782308932   -2.3352494904   -0.5224488654
W               221
    4.1589392685    0.7971662092   -1.2990588927
W               222
   -4.4772997746   -1.9592751719    1.0212307075
W               223
   13.1786472797   -1.7171765496    0.0990273880
W               224
   13.1639540442    1.8369430408    0.7278503653
W               225
   15.8978349011   -2.1149460594   -1.3998661199
W               226
   10.8745403864   -2.1616592568    1.6002379063
W               227
   -5.0713737839   -0.3976052986    0.9152697345
W               228
   14.8290589916   -1.4495194952   -2.4850610746
W               229
   16.0215489576    1.0508687492   -2.4435461219
W               230
   13.6241154447   -0.4540306712    2.2868630876
W               231
  -11.8775888508   -2.4391657357   -1.5474693751
W               232
   19.8438555397    2.2930187111    2.1488841393
W               233
   -4.9525640449    0.2774156398   -0.2846115582
W               234
   19.6200588722   -2.0745791485    2.2313221736
W               235
    5.2694160496    1.4843992186    2.4543487921
W               236
    7.5371003873   -1.5283614510   -2.1277068653
W               237
   17.4639897296   -0.4811010390   -1.7143093259
W               238
    9.3936255461   -2.2170729071    0.0931590880
W               239
  -11.7568721429    1.6435582054    0.7283657502
W               240
   15.7740318139    1.2721557807    1.8375749355
W               241
   16.7251188395    1.9760778393   -0.9573826095
W               242
   -6.8230671555    2.0245581750    0.4116600955
W               243
    9.4861437507   -2.1955985428   -1.2334870534
W               244
    4.9441658800    2.0000258332   -0.1351959051
W               245
   16.5711358946   -0.0496774412    1.2063738260
W               246
  -17.3766276952   -0.2489324904    0.4170536717
W               247
    3.1221637188    0.2113625602   -0.6879024796
W               248
   17.8366718207   -0.8699800174   -0.0694052563
W               249
    2.5449921808    1.3912502047    2.0534223881
W               250
   10.3101407790    1.0034123391   -1.7554579994
W               251
   10.3392996002    1.6636325516   -2.0936681958
W               252
   16.9711327811   -0.4913312003    1.3516521494
W               253
   13.6435807159   -2.0729430236    1.1169149642
W               254
   -8.1445488894    1.9909803742   -0.6718540220
W               255
   -7.0744512114   -2.0145284741    1.8192866620
W               256
    5.0835746930    1.1029385699    0.1520529493
W               257
    5.3436894401    1.9751052343   -1.5084507086
W               258
    5.6423468259   -0.3529822151    2.4795382135
W               259
  -14.5837933057    1.1220812259    1.7709433861
W               260
    7.9935698353   -1.5033844885    0.5942960617
W               261
    4.7644079135    1.9682439205    1.9521940229
W               262
   -2.7420076011   -2.3855005104    2.1586163196
W               263
  -13.8688883200    0.1697778694   -1.7773349736
W               264
    0.7654646291    0.6596340643    1.5936687434
W               265
   12.0760281133   -2.4545788257    1.5813058844
W               266
   15.6595513094   -0.3503001854   -1.1234220091
W               267
    8.9938213679    2.3482326520   -1.1857641019
W               268
   -7.2775625763    1.7486491961    0.7410592160
W               269
   15.0306740782   -0.4573698893   -1.0560294372
W               270
    5.7581419534   -0.9306087154   -1.1693958853
W               271
    2.9221848047    0.6401672144   -1.1473027861
W               272
   17.9970718971    2.3378858488   -1.2384017389
W               273
  -15.2171104710    2.0599909364    2.2905402619
W               274
  -17.7115560484   -0.6605841710   -0.3409795757
W               275
    2.6551123507   -1.5441443699   -0.9032085196
W               276
    1.6135049896   -2.1136661547   -1.0348750704
W               277
    6.2536889138   -0.7927036775   -2.0631469893
W               278
   17.6340700250   -0.4379344633   -0.9685098079
W               279
   17.3684231165   -0.5401497255    0.8737701020
W               280
   -4.7482642631    2.1728976002   -0.0795558371
W               281
    7.9859773747   -0.4554550166   -1.2041858006
W               282
   -2.6906223973    0.2279876990   -2.0075578823
W               283
   10.1052343928   -2.1303312335    0.2207692806
W               284
  -19.9461506524   -0.1363476711   -0.1756991919
W               285
   19.6222897920    0.0689757813   -2.3372799506
W               286
   -9.0240337463   -0.5646925908   -1.3016656896
W               287
   11.9285913446   -0.8031731261    0.5562453848
W               288
   -7.9249605553    0.5126463877   -0.5546691345
W               289
  -18.4541458654    1.9558331914   -1.0437821213
W               290
    3.0851356559   -1.4111267945    1.5863125224
W               291
   -9.0219985437   -1.1236059504    0.7675694340
W               292
    5.8500219730   -1.1735034713   -2.3995782496
W               293
  -10.2105787723    2.1149151451   -0.7975958468
W               294
    2.3227642230   -2.4463865118    0.3968531686
W               295
    2.7999643132    1.0890374807    2.2498915852
W               296
  -11.0921382942    0.4557070344   -0.7702488295
W               297
  -13.2422937227    2.4224207916   -1.4005852805
W               298
   -8.6467178260    1.0237237830    0.2791199222
W               299
   16.9528418028   -0.7193288688   -0.4637072204
W               300
   -3.1012403789    2.2935350003   -1.2771429993
W               301
   18.4718779391    1.4710762610   -0.1043137006
W               302
   16.4073789153   -2.0701096716    0.0933170696
W               303
   -5.9359429106   -2.0614019343    0.3304029070
W               304
   -6.3302385298    1.7793198759    0.8412526831
W               305
  -15.3543035202    0.6866665485    1.3134636934
W               306
   12.6628812015   -0.8522156681    1.0883804616
W               307
   17.2189354625    0.0998970252   -0.8999912502
W               308
   13.9048773367    0.9944312871    1.3185430612
W               309
   16.3700898328    0.9778374268   -1.3106763147
W               310
   17.9728853931   -2.3285021631   -1.9860677565
W               311
  -18.6878431794   -2.1599128982   -0.1974527399
W               312
  -18.7561183088    2.4403859610   -0.4066081299
W               313
   -0.9655258789    1.0490295948    1.7264499924
W               314
    5.7222160904    2.1649674284    0.5403088119
W               315
   -2.0208865369   -1.6199897716    2.4957136027
W               316
  -10.2304694193   -0.0892890184   -0.8456271595
W               317
  -17.7133425003    0.1789813237    0.3016308498
W               318
   17.4926081871   -0.9466775975    1.4522400283
W               319
   12.7584192656   -0.8062234548    0.4353599969
W               320
   -2.9649716368    0.7920569127   -1.8697804795
W               321
   11.0905335854    0.4460443065   -1.6539020504
W               322
    7.7268861230   -2.2307298943    0.5735247133
W               323
    1.8219331815    0.5236822217   -0.3929072911
W               324
  -11.5802149273    1.3163574878   -0.0533196427
W               325
    4.0630681086   -0.8833084829   -2.3423062235
W               326
   14.9504400606    0.8850560976   -1.4517880884
W               327
    9.3778839939    1.5383684562   -1.8045711964
W               328
   17.4732348493    0.7198628652   -1.6624060723
W               329
    7.1468959251   -0.6755497807   -1.7085104952
W               330
    9.8998265028   -2.3346286097   -0.4018750502
W               331
    6.7117354130    1.2286900662    1.4580617249
W               332
   -6.1240596595    1.8695258048   -0.0019515577
W               333
   11.5322238834   -0.6498070395    1.3693604266
W               334
   -3.1711490261   -1.0064186275   -1.3788231983
W               335
   14.8294256030   -0.4830377913   -2.0520116621
W               336
   15.1745917774   -1.1267559897   -1.5245106535
W               337
   11.9966902587    1.5419064359    0.2024714542
W               338
  -11.7017141392   -0.2461742888   -0.1657867332
W               339
    3.3748170076   -0.1817502830   -0.2800994928
W               340
   12.1259273531   -1.5382160053   -1.7393954231
W               341
   15.5291730605    0.4721697046   -1.4378867384
W               342
    7.4213192357   -1.6769762780    0.2572631163
W               343
  -15.4488291833    1.6667518373    0.5746509607
W               344
   -7.5206082066   -1.7427982546   -0.6739525545
W               345
  -18.0346824344   -1.6146520101   -1.8667403942
W               346
    3.9962888828   -1.5420879361    0.0468194691
W               347
   -6.5675205250   -1.0202622009   -0.1298377959
W               348
    2.1660319945   -0.8481305400    0.7727428496
W               349
    3.4380903665    2.4495539111    0.4264198093
W               350
   11.0436541605    1.1341094723   -1.6753691654
W               351
  -19.6111913999   -0.6443448699    2.2517457865
W               352
   13.4680870606    0.3776929225    0.9003378436
W               353
  -10.3003815630   -1.7577442512   -0.5945537966
W               354
   -8.6356908318   -0.8251084225    1.3381231055
W               355
   -9.7113888049    0.2608136934   -0.6514251923
W               356
   16.8375171992    1.0769158355   -1.7538791744
W               357
   19.2827812871   -0.6933630130    0.4679620645
W               358
   18.1146171648   -0.5293416969   -1.6774856663
W               359
   -8.4559200470   -0.4892700126   -1.3314890205
W               360
    4.8246258409   -0.5781385869    1.5862493453
W               361
   10.9849260424   -1.6519009699    1.8989759198
W               362
   11.1202476416   -0.3660912893    0.5480493513
W               363
   -7.8886506395   -1.1083421656   -1.2578989275
W               364
    7.7903263115    1.8681909277    0.8999041773
W               365
   12.5817986683    1.5645900977   -1.1422802102
W               366
   15.2195589848   -1.2868732305   -1.0004142487
W               367
   18.1829099959    1.0042129335   -0.1548596542
W               368
   -0.2069600210    0.6241073922   -0.9613204195
W               369
   10.8644525982   -0.2925543145   -1.5493337463
W               370
  -19.3657952017   -0.5614261718    0.7114367465
W               371
  -10.3383907993    0.3168775848    1.6890433932
W               372
   14.5640641181    0.1541827868   -2.2849595235
W               373
    0.1183402669   -2.0354506729   -0.0607767735
W               374
   -6.2159315033   -0.6096933675   -1.4731790936
W               375
    6.1221478349    1.4279195809   -2.4739165397
W               376
   10.5416634719   -2.2089727366   -0.6878975925
W               377
  -11.8258908258   -1.6566725287    0.1210167738
W               378
    6.2702585266    2.0844400002   -0.3943018688
W               379
   10.0540627151    1.4131059251   -1.1414321498
W               380
   12.2339730633    2.4871329264    0.5699038638
W               381
   19.9521050070    0.3326114575    0.3031632703
W               382
   13.7179315237   -1.0265402955    0.0879279377
W               383
    1.9212993644    1.6213376054    1.1126544969
W               384
   15.6786380523    1.7445640266    2.2005299603
W               385
    4.8644797886    0.5457507130    2.3517833189
W               386
   -4.4798697276   -0.3099737795    1.2810738816
W               387
    4.8583716791   -2.0169968321    1.6294012544
W               388
    6.8502508287    1.8176595556    1.0318949878
W               389
   -7.0518515049   -1.3281761956   -1.5712724887
W               390
    8.5162499063   -1.0636969766   -0.2646909899
W               391
   10.9360192488   -0.0108729297    0.0861626615
W               392
    4.1219380460    1.0151778728    0.2804306378
W               393
  -13.2986050259   -0.9080161355    0.2786234029
W               394
   -8.9757544813   -2.0751283653    0.1307837597
W               395
    9.9824252981    2.1433010969   -0.7790579465
W               396
    6.0636756471   -1.7849822685    0.0350850215
W               397
   -7.8733171760    0.3949659209   -1.4736901126
W               398
    6.5248018920    0.5074314646    2.2667097510
W               399
  -11.4569766616    2.0123247589   -0.9786516863
W               400
    7.8334686295    0.6713739845   -2.2322096403
W               401
    3.7245816534    2.0507366996   -1.1222825062
W               402
  -11.1768731473    2.0406334093    0.8829310260
W               403
    2.2850600290   -0.5479519811   -0.3727143895
W               404
  -14.4596274822   -0.1662408560    1.3782430935
W               405
   -7.9182087831   -0.3426977114   -1.5922403936
W               406
   16.9927238642    1.9603960962    0.8916422940
W               407
  -10.0510817194   -1.2719497719   -1.0882842291
W               408
  -16.0755518176    0.7209346286    2.1196503658
W               409
  -14.9265143108    0.3175998512    1.8172582833
W               410
   -4.5888810565   -0.5660981694   -0.3977518641
W               411
   10.0831500184   -0.3153313376    1.6736002220
W               412
    2.1066609625   -2.1697397464   -1.4914907664
W               413
   -4.9866059155    1.7775276259    0.2331799097
W               414
   16.3359912293   -1.7675069445    2.0505332077
W               415
   19.9465694084   -0.1621071956   -1.7942098895
W               416
   -7.1290352721    0.4842951386   -0.1287163090
W               417
    9.8590537652   -0.9480044616    1.6708799109
W               418
    5.6910879535   -1.3690313964    1.1666333733
W               419
    2.0874314542    2.2540092109    1.8747580487
W               420
    5.4679964397   -1.8535980902   -0.4707626880
W               421
   -6.7821516274   -2.4039922812    2.4794275704
W               422
  -15.4272041116    0.9088489512    1.8760587927
W               423
    5.6137742492    1.7773335253   -0.1656283128
W               424
   -9.0398170720    1.5431251092    0.3742053253
W               425
    9.7897464359   -0.3639843512    2.3356666427
W               426
   -9.9447601896   -0.1082610314    2.1927733611
W               427
   -4.0599585074   -1.2053426737    2.0634910216
W               428
    7.3492106282   -1.8134980043    1.7807174421
W               429
   16.4916445648    0.2654848534   -0.5871254445
W               430
  -10.3168364113    2.2314814651   -0.2148321798
W               431
    5.4161376922   -1.5112740469   -2.0943517717
W               432
   18.4692830344   -0.5574254782   -0.4345978724
W               433
   -8.1847832990   -1.3905542938   -0.7548751389
W               434
    5.3510553566   -1.3427709572   -1.3680743984
W               435
   12.2279741340    1.0791906493   -1.3401298016
W               436
   10.5756419930   -0.6725866063   -1.5628524255
W               437
    3.1158482896   -2.1122997643   -2.1427445558
W               438
   16.4825232132   -0.8610769666   -1.9776988980
W               439
   19.5552609114    1.6351438602   -0.5906130561
W               440
   19.1561191908    2.3416424654   -0.5614658808
W               441
    2.9184462624   -1.2783669112   -1.5880874476
W               442
    0.0323400949   -1.9296996817   -2.3833752435
W               443
    2.4449842436   -1.6629050355    1.9656231303
W               444
   12.4729478575   -0.7860211233    1.8477073078
W               445
    7.6337949682    0.7342855681    0.3381831997
W               446
   -8.8417691865    0.9029598315    0.8707750306
W               447
    5.9312789324    2.3520514868    2.1178970515
W               448
    1.1706695726   -0.5648862399    0.2705486600
W               449
  -18.1137251934    0.8368608793    1.4282024308
W               450
   16.5842115032    1.3096606392    0.8208501777
W               451
   10.4800383758   -2.4460461027   -2.2653160251
W               452
   10.2338697234   -0.0376763245    2.2321732202
W               453
   -4.9419805282   -1.4272237718    0.8450275589
W               454
    7.0453407423    1.7891600076   -1.8527369595
W               455
    3.8218831332    0.0143220265    1.5925955302
W               456
   -2.0850222438   -0.7790167388   -0.4088885096
W               457
   -8.0355694879   -1.0305883195    0.9435006229
W               458
   -7.6318919985    0.6027320326    0.1036767056
W               459
   12.7857667794   -0.2483688700    0.2851352873
W               460
    2.9384209166    1.5539662026   -0.4006884854
W               461
   -7.4396518417    1.7517115545   -0.4930789508
W               462
  -12.2249998379    2.1582710565    0.4828951044
W               463
    3.4217072477    0.3158486715   -1.1042250646
W               464
   -4.5112793328   -1.7771910406   -0.4245339036
W               465
   10.2651936077    1.0534754422   -0.6181319969
W               466
    9.1766148905   -0.5256577283   -1.9548932061
W               467
  -15.5519015228    0.5949583828   -1.7287812248
W               468
  -12.6271559100   -2.0173918492   -0.0677889591
W               469
    5.3843743831    2.3559220697   -1.1469109636
W               470
  -18.3666067444   -0.5690700664   -2.3614143821
W               471
   -5.4647631020    0.0391798280   -0.1450020771
W               472
   19.9315865312    1.2759300682    1.7397192092
W               473
   12.3975634239   -1.3899116605   -0.6076290176
W               474
    4.3693329607   -2.2165138508    1.8770014114
W               475
   10.6706389009    0.3852307865   -2.0117687519
W               476
   -5.0167330089   -2.0101563512    0.5257573705
W               477
   13.0154604979    0.7801314948    0.0342822649
W               478
   10.9763644946    2.1453298962    0.6326581351
W               479
   16.2498154937   -2.3532963303    2.3750240326
W               480
    4.7051304152   -1.9298511711    2.3428417253
W               481
   15.2462150370   -0.6694946810    0.7729425851
W               482
   17.2994253278    1.8566662079    0.2304375844
W               483
   17.0882528279    2.3804947313   -0.7341898853
W               484
   17.6060611612   -1.0753317649   -0.8484628745
W               485
  -18.1429578879    0.7225151161    0.7263111536
W               486
   19.0082106020   -0.1304218455    0.6062194668
W               487
   -9.7071528303   -0.8905219796   -1.1065820791
W               488
   -2.4827576964    2.1543694124   -1.2029037895
W               489
   -1.0023404055    2.1986036862   -1.9244754067
W               490
    3.4904673107   -2.4869027137   -1.4065118851
W               491
   11.0527539078   -2.3897420473    1.1409343812
W               492
    0.0526176614    1.7972333164    0.6438625067
W               493
   16.1172524362    1.4708662915   -1.2373797482
W               494
   -1.0492722825   -1.7894689080   -1.2893674035
W               495
   10.0189979472   -1.1531921597   -1.3009643258
W               496
   -5.9703188768   -1.4860358933   -0.5026311543
W               497
    2.8952235867   -1.5569426806    0.1923479494
W               498
   -1.0361802449    1.6646695019   -1.6745226249
W               499
  -11.5001695760   -1.9156038316    0.4521225875
W               500
   -9.7194055123    0.5139020485    1.6385352750
W               501
   -4.8347932914   -1.3927574878    0.2222384418
W               502
   10.1706031264    0.4199878212    0.6180986306
W               503
  -12.2762101163    0.3769539075    1.2201821405
W               504
    0.5381755849    0.8630335623    1.9464111215
W               505
   19.0978296048    1.9381818384    1.1440431565
W               506
   -6.9196298945    1.0662153521   -1.7632821437
W               507
  -15.1397036340   -0.0784029238   -1.3543906760
W               508
   11.5619212589    2.0903464822    0.3560070235
W               509
    7.3620386740   -0.0237485669    1.9498955836
W               510
   -5.3976704660   -1.9158810872    0.0273730053
W               511
   -5.3494717358   -0.9619761315    0.0148520198
W               512
  -13.9198228450   -1.9336377030    0.9364176547
W               513
    5.0162012968   -1.1107138180    1.4253177332
W               514
   -5.7752132617   -0.9033105758   -0.5637076240
W               515
   -9.7724871526    0.5536078071    2.3130248846
W               516
   -3.4114995660   -2.4056002120    2.3142857292
W               517
   16.9831777790    0.6002371317   -0.3010867048
W               518
    7.7597408388   -2.3609244687    1.7111861323
W               519
    9.3305773912   -0.6832378227    1.6444422261
W               520
   18.5332326440    0.5682242937    1.0528760416
W               521
   15.3169956958   -1.5689582252   -0.5841592927
W               522
    5.1901033828    1.4137595221    0.9843177193
W               523
   19.0756756005   -1.0071962276   -0.4798520673
W               524
   18.3042108721    1.7331882718   -1.1506519185
W               525
   17.6904401053   -2.2648871192   -0.8680868876
W               526
   14.2912395805   -1.3730958477    2.3477609766
W               527
   -7.6871051579   -1.9242183047    0.6313938750
W               528
   -4.8119240950    1.7633528935    2.4135157164
W               529
    9.8187423789    2.1413287747    0.4926815491
W               530
   14.2819687901   -1.4145954365   -1.9942389625
W               531
    4.6982434027    1.7287973655    0.4901248964
W               532
   -3.9223688087   -0.3775708525   -0.2458099953
W               533
   16.1352256807   -1.7360104578   -1.8541067826
W               534
   -3.0123938252    2.4944737421    1.6686321022
W               535
    6.5103599400    1.6201825871   -2.0528032424
W               536
   17.1744695143   -1.5029487410   -0.4329276552
W               537
  -15.9440859035    0.0518303831   -0.0183457069
W               538
    2.0714897768    0.4814318629    0.4692907047
W               539
    3.6716652368   -0.1500228404   -0.8336897615
W               540
  -19.2200199012   -1.8490265526    1.5694597650
W               541
    0.3310968041    0.6619194061   -0.6158246124
W               542
    5.6317851887    1.4289691061    0.2320206008
W               543
    4.3286268817   -0.2195167221    1.3338718673
W               544
   14.6133271154    0.9637500958   -2.4422490042
W               545
    1.9508771769   -1.6899652231    0.2724846951
W               546
    2.5356672295   -2.1267254795    1.5548823480
W               547
   12.2646005491    0.7614209954   -0.1985429167
W               548
   11.8727616866    2.1675894884    0.9891823636
W               549
   18.9932261645    1.8347370449   -1.0089920049
W               550
    2.0214544816   -2.1742553555    0.8152578051
W               551
  -18.0979017476   -0.6401644056    0.2379738159
W               552
   13.1534772536   -0.9117959474    1.6897531396
W               553
    3.5135474225    1.6843922740   -0.6518064952
W               554
   13.1377998901    1.2691259277    1.0724942239
W               555
   -7.3393912694   -1.4969402539    0.2612086303
W               556
    1.6253106003   -1.4397597512   -1.0914577885
W               557
   -0.9353292791    0.8580998998    1.1396106537
W               558
    5.1686616457    2.3803036516   -1.9788678966
W               559
   12.0832108184   -1.7791814662    1.4744564220
W               560
    2.7444344726    2.2726280259   -1.3535033573
W               561
  -12.9938539091   -1.8464639857   -1.4585854113
W               562
   14.2414644804    0.9724531437   -0.8172468224
W               563
    6.6505180993   -2.4583470178   -1.7780139012
W               564
    7.4218473689    1.3718601880    0.9535340523
W               565
   11.4707705149   -2.0942655159    1.7165408311
W               566
    2.0569088474   -1.1604089483   -0.7566843559
W               567
  -11.3193780694   -2.4052661436   -0.7483525937
W               568
   -5.3171363133    1.9111881998    0.5805878041
W               569
  -14.7165645510    1.6562234742    0.2190495361
W               570
  -10.5997381227   -1.4011586323   -1.3381386262
W               571
   -8.0866864625    0.3111032963    0.0713496969
W               572
    4.0449641088    1.1015558810   -0.7431339393
W               573
   10.4664935709   -2.3570409872    0.7524337612
W               574
   -7.1372006467   -2.0490208563   -1.0972245635
W               575
   14.7709650995    2.3813481556    1.5708700075
W               576
    2.7013398074   -0.1279520188   -0.3141035003
W               577
  -19.7764239028   -0.1487080206    1.2537710435
W               578
    7.7074515162   -0.4691317801   -0.8684676399
W               579
    6.8382148228    1.5019042516   -0.1320515573
W               580
    6.3544534672   -1.8207323446    1.0673024346
W               581
    6.4006487378   -1.6946871592   -0.8242359236
W               582
   -4.6005013362   -0.1136051560    0.8219975997
W               583
    5.3711683192   -0.8651292074   -2.3433808865
W               584
   -7.2908706583   -1.1992821962   -1.0013573875
W               585
   -8.3343968901    0.3878548123   -0.9277076932
W               586
   18.7719886734   -1.9663750775   -1.0462657307
W               587
    1.6104809687   -0.0506029656   -0.5813349854
W               588
    8.6558521024    0.4019702711    1.3895949502
W               589
  -15.6330762263    0.2046385900    1.9927169256
W               590
   14.3719253377    1.7720654205    0.2431509357
W               591
    8.5506283120    2.3627836307    1.2464379115
W               592
    5.0805595956   -2.4603468467    2.1148489925
W               593
    5.7233868983   -1.5752586622   -1.5301997164
W               594
   -0.6799151132   -2.4944387932    1.3864566253
W               595
   15.7984541303    0.2880278043   -0.9883565767
W               596
    4.6198960292   -2.2076405862    0.9978334072
W               597
   18.8518384416   -2.0223868746    1.0967158184
W               598
   16.8402299304   -0.3700940044    0.0544856505
W               599
    2.5611248433    2.3715429687   -0.5936022759
W               600
   14.8628610594   -0.1349425076    0.1311292045
W               601
   -7.5721579648   -1.1385114488   -0.5965446132
W               602
   -1.2657250458   -2.3416224870   -2.0948657927
W               603
  -14.4097301000    0.5268936506    1.9501772226
W               604
   15.2824181423   -0.4277184097    1.5714741350
W               605
    6.5666820924   -1.4199447702    2.1027054478
W               606
   17.4043633275    0.4421315063   -1.1746670726
W               607
  -16.7918474203    2.1756772047    0.2163461405
W               608
   -5.0534477863    0.8706340763   -0.5169643018
W               609
   -5.7648678015    1.4386580625   -0.9672549981
W               610
   15.1700239664   -1.8306263457    0.5777866026
W               611
   -2.4443248244    2.3489676926    1.6754624964
W               612
    0.4687019990    0.2519203232    1.8873834517
W               613
    8.5820404601    1.6071940372   -2.1608475947
W               614
  -11.0783743901   -2.4737911869    0.2582236239
W               615
   10.4639858830    0.8618575630   -2.4007446080
W               616
   11.5472594625   -1.8897528201    0.2182801447
W               617
    2.7535699789   -0.6569860447   -1.3392957002
W               618
   10.7949789154    1.5737598574    0.8719788251
W               619
  -12.0145101138    2.4562393019    0.0835468123
W               620
   -7.1776165446   -2.4406096567    0.1220571610
W               621
   16.8282163559    2.0371302436   -0.2469238905
W               622
   13.9083606061   -0.9540755864    2.0693249973
W               623
    6.9811938581   -0.9244339442    1.6238684982
W               624
   10.9492360066    0.8165972925    2.1574664331
W               625
   11.7365161879   -2.4369247500    2.4059082071
W               626
   -0.0355224216    0.6935824995    0.9338758255
W               627
    0.3744580090    1.6168136660   -2.4502673857
W               628
    4.8076515326    1.7419358527    1.2750725964
W               629
    2.8308282943    0.3735154871    2.2055034290
W               630
   -4.9518121315   -1.4491276207    1.5311586406
W               631
    0.9911557903   -1.8659551979    1.0532753074
W               632
    9.9283961617    2.0568695551   -0.0569963626
W               633
   -9.5552619995   -0.1946375563   -0.9391636535
W               634
   11.2129424026   -1.9977434957   -2.3840311605
W               635
    9.2038075306   -1.9354638980   -2.4208020160
W               636
    1.5672588729    1.6083799264   -1.7115972340
W               637
   16.5730934277   -2.1982898124   -1.9638142015
W               638
   14.7353140231   -1.6362720546    1.8771601728
W               639
    1.4787612882   -1.5544718872    0.0211449530
W               640
   18.8965831743   -0.5326302412   -0.1411969027
W               641
  -14.9826838508   -0.0538515237   -1.9478469291
W               642
   -8.4983715646   -2.3398661657   -2.3739004096
W               643
   11.7996845869    1.2493696176   -2.0728194740
W               644
  -15.1480649302   -0.3435341340    2.2008563263
W               645
   -3.5959208282    1.7873988298    0.5773871974
W               646
    4.9966207966   -1.1891391203   -1.9753651952
W               647
   11.5300629917    1.0285581126   -1.3652363848
W               648
    6.8551070358   -1.7598384888    1.2980993322
W               649
  -11.6939011824   -0.6395695682    2.1572985132
W               650
    8.3342907938    0.2370125386   -0.5256682109
W               651
   16.4284343128   -1.6327431480   -2.2404311165
W               652
    3.3087162450   -2.0397060671    1.8203332843
W               653
    4.9558163311   -1.6850184442    1.1274859875
W               654
   10.4873608549   -1.3758972064    1.9268353578
W               655
   -7.4754078425    0.5553760144   -1.7366011161
W               656
    3.2303318972    2.1342416888   -1.5832882130
W               657
    3.3202544916   -2.1340151887    0.7638263542
W               658
   16.2365221125    2.4919588962    0.7727688555
W               659
  -10.6993818921   -2.2561359198    0.7652888337
W               660
   -6.5258556940   -2.4671697391    0.1471872548
W               661
   11.1006710553    1.7070427184    0.1847107877
W               662
   11.6104729975    0.0742581729    0.7451135820
W               663
   10.7364989232    0.4494244198   -1.2159862331
W               664
    7.5911887516   -2.0107818142    1.0400735809
W               665
   -6.1426562692   -1.8844913025   -1.4261823271
W               666
    7.5810697313   -1.2039899342   -0.2236796310
W               667
   19.9545151369    0.5950365690   -1.8668840217
W               668
    7.7370045579    2.0048479533    0.3899021254
W               669
   15.4320219433   -1.9460901092    2.3021226283
W               670
   -5.8043610780    1.9917778972    0.9678412775
W               671
   10.8386565720    1.0484399972   -1.0772792728
W               672
   -7.4818080526   -0.8568236560    1.1674079657
W               673
    6.9884108201    0.7724453260    1.9309661159
W               674
   13.3905518692   -1.1166684854   -1.9087784752
W               675
    5.8026620083   -0.9648520963   -1.7355398196
W               676
   18.7466402558    2.3592911220   -1.1182418727
W               677
    6.4088159183   -2.0795726981    1.9371016158
W               678
   18.4582893174   -1.1479258677    0.9513592146
W               679
   -3.4858802511   -1.6910596545    2.3562612595
W               680
    4.5747416417   -0.9043666630    2.0030587135
W               681
   16.6553753033   -0.6324075247    0.5911851527
W               682
   -5.7439278928    2.4460661827    0.3424917393
W               683
    4.0342921728   -2.1013258656    2.2938463985
W               684
  -15.1671721747    0.4071675165    0.9080677879
W               685
    8.4786345921    1.6083578701   -0.3231235641
W               686
  -10.1718494803    0.8656006666    2.3773583834
W               687
  -13.4575063401   -1.2512055180    1.4664619913
W               688
   16.9407714039   -1.6756756277    0.3481398709
W               689
  -10.5941304630   -2.3126641372   -0.5041278694
W               690
   12.9965177819   -2.0014503800    0.6805030157
W               691
   15.8067382272    0.0165597612    1.7824648465
W               692
   17.5012362449    0.8042227801   -2.2392380950
W               693
    9.1389717064    2.3522014928   -0.1562630320
W               694
   -1.5715775307   -1.8265177810   -2.0498046586
W               695
    5.7093694823    1.4134570716    0.9110626072
W               696
    1.8982528806   -1.2560833993   -2.1180288876
W               697
   -6.1793593347   -2.3741914060    1.2937898172
W               698
  -19.0178956713    0.4104606587   -0.2980230988
W               699
  -17.9627053326    0.8710951650    0.0529543690
W               700
   10.7684635906   -1.3276983900    0.9618796094
W               701
  -17.9262025487   -2.3315320187    1.1981379760
W               702
    7.3132405026   -2.1909455355    2.4578421727
W               703
    2.1671419467   -2.0884906178   -0.2954688953
W               704
  -18.2565553090   -2.1867075720   -0.8540589604
W               705
   17.2869745204   -2.4360168601    0.1073517912
W               706
   14.3574817825   -0.5466042836    1.6673655079
W               707
    7.7841583554   -1.7795768896    2.3441986155
W               708
   12.9635450215   -0.4770823702    1.9360838462
W               709
   18.8932554473    0.6747753210   -0.4384095452
W               710
   -8.5290641357   -0.7592764214    0.4963300948
W               711
   18.0982073739   -2.4280931262   -0.2549026203
W               712
   12.6763808004    2.2689984496    1.7318302928
W               713
   16.4661610972    1.0542196408    0.1496374964
W               714
   -3.5137058879   -1.8601061082   -1.9893176100
W               715
   -8.4863201068   -0.4418494866    0.9711849851
W               716
   -3.1224966847   -1.4512525596   -1.9848776594
W               717
  -19.2444684762    1.7292485217   -2.0631281005
W               718
   -8.8821278587   -0.1005508790    1.3011845497
W               719
  -12.0743501329    1.4159498276   -0.0725779478
W               720
   -0.3791278062    1.7168730492   -1.8115323033
W               721
  -17.0142939162    0.5561255156    0.7164418953
W               722
    4.5175894715    1.5082040375   -0.1761952117
W               723
    1.0384558808   -0.6102243814   -1.0756802825
W               724
    4.8934231953    2.3291219276    1.3655304472
W               725
   18.8655565404   -1.4326455154    0.4250192255
W               726
   13.4719979165    0.8957483066    0.6447492891
W               727
    3.8718743153   -2.4625584187   -0.6379893201
W               728
   11.2401573979   -0.0152696634   -2.1582019248
W               729
   -1.9892011859   -2.0922096279    1.7674575924
W               730
  -15.5937236047    0.4023630742   -2.3143234656
W               731
   -6.0016309054   -1.2481882759   -1.0867127455
W               732
   14.7282152215   -0.1302325321   -0.6755648984
W               733
  -14.3013728256    0.0023930419   -1.2982980211
W               734
   15.0918439196    0.9026725009   -2.1131227773
W               735
  -15.1325336182    1.4858141466    2.4963069662
W               736
  -11.9576404916   -0.1480997817    1.8133318851
W               737
   -7.8267089539   -0.4891022282    0.7849990721
W               738
    8.4954897860    1.0664275655   -0.4588939639
W               739
   10.3097033923    2.4998238108    1.4978760331
W               740
    2.7294917311   -1.8885046363   -0.4417780969
W               741
   12.2103315860    0.9780738360   -2.4554289873
W               742
   -8.4850414164   -1.4636755776    0.3672114181
W               743
   17.7319050856    1.4786230050   -1.0031904285
W               744
  -15.0392316770    0.5799689513   -2.0765115715
W               745
    5.3356138478   -2.0712637032   -1.6840447231
W               746
    6.6754272732   -0.7223275309    1.9467210617
W               747
    6.7098052699   -1.6346994237    0.5411730530
W               748
   12.0328062400   -1.5552623285   -1.1243519133
W               749
  -14.1439067450    1.3966369810    0.0760955681
W               750
   -8.6467925876    0.7904503097   -1.8107290200
W               751
   -4.6251028186    1.1370800577   -0.9397387021
W               752
   -5.6228460277   -2.3317620622    0.9893998768
W               753
   15.6376264293    2.3356217507   -2.4596735272
W               754
    9.9918825743    2.0254500990    1.3482428492
W               755
    5.9222321268   -2.2191341606   -2.0863516932
W               756
    4.0365739747    1.7361382375    0.2392337815
W               757
   16.7995850139   -2.3440218355    2.2687867620
W               758
   -6.8414762415   -2.3189910780   -0.6061391202
W               759
   18.1993751661    2.2041561295   -1.8061523539
W               760
    7.1242440817   -1.9974321830    0.4707484006
W               761
   10.1533780768   -1.2256629743   -0.7837860928
W               762
   -7.6693213645    0.1325585802   -1.0706858348
W               763
   -2.7768387388   -1.4617849314    0.0684727754
W               764
   18.0509639112    1.9782540249   -0.6313605209
W               765
  -15.9081525776    0.4597137567    1.0204285319
W               766
   -4.6657058694    2.3952247505    0.5044560813
W               767
   12.1789365415   -2.1097725804    0.8747117056
W               768
   15.1309766239   -1.8146496882   -1.9752572633
W               769
   17.2773447485   -1.8726016371   -1.0782518782
W               770
    3.0092864714   -1.9539492207   -1.1243682250
W               771
   15.1931917563   -0.5914702082    2.4443161041
W               772
    6.7930361429    1.3862447342    2.4023034180
W               773
  -13.8480423893    2.0291424339   -0.0068759028
W               774
    3.0918497915    1.3987834098    1.6876484830
W               775
   16.5102636384   -2.0066905584   -1.3084798105
W               776
   17.5799606551   -0.7191308500   -2.1700644043
W               777
   -2.6020290760   -2.1138095837    1.3813408711
W               778
   -4.0207039078    0.3181832769    0.2821687795
W               779
  -17.8702307385    0.2413209277    1.0887701067
W               780
  -15.5204477391   -0.2271205282    1.1474128704
W               781
   19.4243782798    2.4931613064    1.3587230860
W               782
    1.9954033895   -2.2276203598   -2.1112429114
W               783
   16.7581610458    2.2326510696    0.3940308029
W               784
   16.6959785724    1.9781638884   -1.8009893203
W               785
    0.9494004105    0.1015924600   -0.1385712261
W               786
   -8.5733081616   -0.1270819821   -0.3096043806
W               787
   16.8693476849   -1.0327741628    1.0228768172
W               788
    7.1643551771    2.3201768724    0.7466830676
W               789
   -5.8026038753    0.2172995122   -1.0763081508
W               790
    6.9129794029   -2.0525837445   -1.8776418614
W               791
   -0.6153910205    2.2782856914    0.8894306481
W               792
   15.9444158374   -0.8810142957   -2.4226768510
W               793
   12.7067608420    2.3081076900    0.9538940180
W               794
    5.2390369477    1.7657707702    0.6118506854
W               795
  -12.3147951650   -2.3105408749    2.1686248559
W               796
   13.0353938473    1.5148770700    0.0892279062
W               797
   -2.8434912779   -1.4664056403   -1.2031341814
W               798
   19.0358549634    0.0379963685    0.0714856918
W               799
    1.6574651379    0.1215056357    0.3500228665
W               800
   17.0132065223   -0.2032539250    0.6288458993
W               801
   17.0692841448    0.1860754350    1.2641259874
W               802
  -15.6933719935   -2.1020278787    1.0168304033
W               803
    6.1791280531   -2.3719734010    1.4259817396
W               804
   18.8780226374   -2.1336635288   -0.5466092039
W               805
   17.9006290186    2.4046399966    0.8245354041
W               806
   13.7763293943   -1.1463931236   -2.3896185760
W               807
   -3.9352654113   -1.1906806101   -0.0687390300
W               808
    9.5502744790    0.8621576261   -1.6056373457
W               809
   -5.8724873549    1.0777219223   -1.8426794094
W               810
   14.0547173384   -0.3181831321    1.8946212812
W               811
  -18.8000532671   -0.2680562694    2.4054514694
W               812
   11.2566339483   -1.2679659857    1.6040144002
W               813
   -6.9976749215   -1.7788157289   -2.2915949859
W               814
   10.3618943831   -0.5920583382   -1.0071420980
W               815
   -5.2832325440   -1.7439527215    1.1130385693
W               816
  -18.5597985491    1.9436675336   -1.7049147459
W               817
   17.4141692010    1.0875831012   -0.0889942562
W               818
    8.9281443641    1.1876926526   -1.6337855156
W               819
   15.3446730446    2.1307754103   -0.5170404189
W               820
   10.7675291408   -0.9175420430    0.2204058253
W               821
   14.4193870052   -0.8556464674   -2.1866172025
W               822
   14.7108737833   -1.6614070003   -1.4636150252
W               823
    2.9627561524    0.7463068935    1.7837460600
W               824
   16.3612026261    0.9746401934    2.0950104842
W               825
    6.6346719731    2.3009457925    1.5777276528
W               826
    9.5640794987    0.0112718444    1.5752324967
W               827
   10.4131152975   -0.0583399743   -1.1176237147
W               828
   -7.2262793454    0.6411060332    1.2189887264
W               829
   13.9211537318   -0.1833602605   -1.3555017897
W               830
   -3.2584057087   -2.2834930951    0.2727605703
W               831
   18.7328227744    1.3871859424   -1.2733895927
W               832
   -4.7915325507   -1.0885860486    2.3106718937
W               833
    9.5880936776    1.5152004970    0.2379510796
W               834
    9.8961628810    2.1706439963   -1.6097969339
W               835
   -1.2356695635    1.8623772970    1.1426806550
W               836
  -10.3758064358   -2.1755715595   -2.3376008600
W               837
   18.6404008813    0.1874385618   -0.4694608228
W               838
    2.7486535392    2.4289383753   -0.0606877467
W               839
   10.9256799462   -0.7679259305   -1.1363145852
W               840
   -8.5591939927   -1.7156607916   -0.2722401268
W               841
    1.5683660748   -0.6890107415    0.7662092489
W               842
    4.8691170715    2.2221308698    0.7996753787
W               843
   -6.4275480567    1.6467080428   -0.4358186385
W               844
   11.0106489242    2.3368633765   -0.2041720033
W               845
  -16.2246724363   -2.3121852879    0.7742838005
W               846
   16.3546072258    1.9513399764   -0.4633771704
W               847
   18.2566767334   -0.5810112775    0.3680227370
W               848
   14.4162647295   -0.5144239360    2.3029483496
W               849
    4.5492249908   -2.3822587680    0.0235410203
W               850
   15.5919090253    1.9529137904   -1.5804172788
W               851
    0.3351393174   -1.7396623119    0.4159065458
W               852
   16.4481357255   -0.5544189720    2.4197987440
W               853
    0.6868395261   -0.5733146670   -1.8018246935
W               854
    7.7593305451    1.8785400203    1.8178528798
W               855
    7.7934111101   -0.0150539183   -0.2093649173
W               856
  -14.5226123617   -0.0949215445    0.5804307459
W               857
  -12.0756874612   -2.0766546529   -1.0300629501
W               858
  -13.2733467577    1.7223574998    0.1982900127
W               859
    7.6111520016   -0.6085623987    1.8887143122
W               860
   -9.4989699218   -1.9404721804    1.0463037944
W               861
    2.9083397077   -0.4088446655   -0.8063847435
W               862
   -3.8812014179   -2.0476846791   -0.1895159324
W               863
   17.2650887792    1.6491787281   -1.1805883448
W               864
    2.0855150792    0.0734401256   -0.1473528914
W               865
   -7.3399094702   -0.7517142227   -1.5645168464
W               866
   10.4914421442    1.0579249655   -0.0229844652
W               867
   12.2837477075    2.1301273322   -0.6417494608
W               868
   -5.1534700020    0.1883318655    0.4949535957
W               869
  -11.9819714168    2.2037337831   -0.9029399128
W               870
   16.6091490031    1.5558902682    0.0411996105
W               871
   -8.0756028050    0.9039994553   -0.0116747884
W               872
   11.2884420381   -1.4902804872    1.0365128804
W               873
    7.2172649367   -2.3878103212    1.3076966591
W               874
   -8.7988523992   -1.9855112255    0.7755837897
W               875
    7.1568978537    0.7586100140    1.3114646070
W               876
    5.2264919545   -1.6963897541   -0.8557942999
W               877
    0.0498441045    2.2551854301    0.2256300598
W               878
  -10.9935276478    2.1042736062   -0.7129475435
W               879
   18.4062703484   -1.2262361031   -1.3207528840
W               880
    9.7977412547    0.8873678612    0.1434324945
W               881
   11.2099517663    1.6691435196   -1.4904250824
W               882
  -12.9996484696    1.8584854384   -0.4356993692
W               883
  -10.8249360720   -1.3000395834    0.6217318997
W               884
    3.9113416677   -0.7167131026   -0.8644834273
W               885
   15.8691325893   -0.0984216599   -2.4636105779
W               886
   16.7030008150   -1.6061564603   -1.5720535376
W               887
   -6.9045768661   -1.4251743916    1.1831804343
W               888
   11.7832169706    1.8812293145   -0.2681762201
W               889
   -8.6331921392   -1.0328009162   -1.8647198043
W               890
    9.7450936703   -1.4264016111    2.1654687890
W               891
   18.1270724398   -0.7007987416   -1.0899501052
W               892
    6.5378837118    1.1798763034    0.9111754530
W               893
  -11.5130240993   -2.1360619294   -0.1495587631
W               894
   18.5159888747   -2.2301559986   -1.4748455785
W               895
    5.8325227153    1.2443911414    1.9338840438
W               896
   -9.2171362605   -0.8603846532   -1.9146009554
W               897
    7.0668632859   -0.0820170771    2.4384186318
W               898
    4.9991891500    1.9571458500   -2.4838460350
W               899
   16.1060554158    1.5153188975   -1.9292354288
W               900
   -0.0599719892    2.0892571750    1.1379874870
W               901
   11.6284627734    0.5639116738   -2.1695816523
W               902
    6.0923734956    0.0470962204   -2.2943976862
W               903
   18.2763182214   -2.4757991464    1.2989199123
W               904
   -4.3475626287    1.0724669755    0.1023488976
W               905
    6.4459014138   -1.3459255386   -1.7107673694
W               906
    7.2046210130   -0.2273147990    1.2493913029
W               907
   -1.7907575526   -2.2134328897   -1.6268773078
W               908
  -10.0542402768   -0.1187360397    1.5248396683
W               909
   16.4702142299   -0.2800561500   -0.5636973171
W               910
   16.4413615617    1.9104689386    0.5287319155
W               911
  -10.5287020296    1.5473837569   -0.2858247707
W               912
    2.4279120168   -1.2039227498   -1.1790784180
W               913
   -2.6681487329    2.2672786677   -1.8276082527
W               914
    0.8073167001    1.6910356360   -2.2710420342
W               915
    2.3328351397    0.0636570819    2.0045083763
W               916
   -6.2266557233    2.4194559646    0.7576769501
W               917
    1.1408406111    0.4586259068   -1.3946610576
W               918
    4.2828992174    0.1284316769    1.9561341318
W               919
   -7.8568635958   -2.3740577477    1.1143254827
W               920
   15.3860987448    1.0247393294   -0.6327966470
W               921
   16.0345934502    1.3398435523   -0.6426368147
W               922
    2.2134480651    0.0851230208   -0.8077621535
W               923
    3.1756810764    2.3366751846   -0.6509370520
W               924
   -7.6672778140   -0.0217569492    0.5161438864
W               925
   11.5595924306    2.2501416020    1.8633128292
W               926
   16.7027385627    1.3716916392   -0.6096398367
W               927
    3.9496623814   -1.7501499486    1.6515661338
W               928
   14.9603465394    0.0714261537   -1.6139041190
W               929
   -7.0886678501   -0.0623495852   -1.1228650076
W               930
   14.0514143063   -1.9484436966   -1.5498387090
W               931
  -18.9143109141   -0.2840663535    1.2748928798
W               932
   14.2768106758    0.9991865979   -0.2852140813
W               933
  -19.0752433945    2.1776044852   -1.4017717707
W               934
    0.6042580534   -1.4473652178    0.0422463889
W               935
    1.8715215795    0.9319867966   -1.3669878815
W               936
    1.5946944072   -1.1394818520   -0.4954243527
W               937
   -7.7896453980   -0.9859995280   -1.7988679399
W               938
  -10.2062325412    0.4125719568    1.1278248707
W               939
   -8.3691623702   -2.0508473750    0.4559906151
W               940
    5.8873927492   -2.3777153715   -1.5420725736
W               941
   11.1530673482    2.1053941878    2.2482492140
W               942
    8.5065959503   -2.2296756381    0.6320562522
W               943
   11.9158068540   -1.3131087797    1.1023423172
W               944
    3.5817314905   -2.0569221624   -0.8585777930
W               945
   15.2639350107    1.6891834845   -0.8432621404
W               946
    5.7803062549   -1.6727111667    2.0426235601
W               947
   10.4180094536    2.1216134661    0.2589821521
W               948
  -18.9677373900   -0.5929932815   -1.8636737906
W               949
   17.6411307503    0.1795402827    0.2743560652
W               950
   13.9231977211   -1.2010780594   -1.6977714101
W               951
  -11.7820066007   -2.4825833222    0.7873943269
W               952
    1.4151268918   -0.9874487978   -1.4789318525
W               953
    6.5828411869    1.4200281554    0.3680805567
W               954
   11.3897856742   -2.3289739556   -1.9526227318
W               955
    4.0935951578   -0.6688620886    1.7645650332
W               956
  -15.9023710078    1.2815399904    0.7510908914
W               957
    5.3517322203   -2.4318470879    0.8399893306
W               958
   16.4034671163   -0.1919487865   -2.0977339941
W               959
  -18.1933850784   -1.9201412104    1.6655126998
W               960
   19.2513298221   -0.9833205877    0.9250209730
W               961
    2.9764146741   -1.7780525803    1.0966291404
W               962
   17.8126174325    1.5173654413   -0.2872842591
W               963
   17.7849570797    0.5225750453   -0.4013676516
W               964
   19.9979184606    0.9609593066    1.3022039872
W               965
   -5.4784423542   -1.5451716787    0.5290724958
W               966
   -7.3456975444    1.3663832923    1.0976283650
W               967
    5.8527548006    1.5135141431   -2.0372290178
W               968
  -13.7559682460   -1.4595342838    0.4524078148
W               969
   -6.4283124137   -1.8955678183    2.3619504539
W               970
   -6.7712455081   -1.2565558036    2.4493353020
W               971
    1.8372067523   -0.8239020708    1.3617492689
W               972
    1.3323078738   -1.3048897474    0.5461829513
W               973
    1.9311869071   -1.7732168884   -1.8364336930
W               974
  -16.8015242427    0.0320605071    0.1779024056
W               975
   17.6858203475   -0.3218386474    1.5095191908
W               976
    1.9939487871    1.2282354706   -0.9803369683
W               977
    9.7100203316    1.4903025756    1.0026810274
W               978
   -3.6499879235   -1.3877866822   -1.2006609771
W               979
    9.0450379657    1.2258139902    0.5366605610
W               980
  -13.3480388971   -1.9124780907   -0.9059768650
W               981
    8.7474891343    0.8067266571   -0.0203246085
W               982
   18.0945415538   -1.9261581257   -0.1025235332
W               983
   12.6889503629   -0.2425890767   -1.1353534547
W               984
   -7.4642708555   -1.8626786877    1.3558326595
W               985
   18.0965764852    0.2602378524    0.9782043435
W               986
  -17.9087723337    0.6206894375    1.8271059578
W               987
   18.4698154163   -2.4430143331    0.5775746439
W               988
  -15.7541915677    0.8867072689    2.4226304497
W               989
   11.1174367432    2.0741474058    1.5873570298
W               990
   10.5029791092   -1.8301576019   -0.1135953692
W               991
   11.8157381973    1.7202807682   -2.4474255392
W               992
  -15.0907438795   -2.2705574046    1.2849383971
W               993
  -10.2979448872   -0.0106543287   -0.1923855598
W               994
    3.4202094287   -0.8153920130    1.4871755884
W               995
   -1.3711889699    2.4141868163    1.1226109857
W               996
    3.2974056231   -1.0416239854   -0.9658305176
W               997
    9.5381619079    2.1731739823   -0.6448040630
W               998
   -4.2834239646   -2.4644556556    0.2729218980
W               999
    1.5985796923    2.2579907938    1.1329379246
W              1000
   -5.1530880888   -0.7914139014    1.3996363933
